07/03/18 12:57:32[DEBUG(5516)] - program start[FileBrowser.cpp:108]
07/03/18 12:57:32[DEBUG(5516)] - InitWindow[CMainWnd.cpp:59]
07/03/18 12:57:32[DEBUG(5516)] - initSystemControls[CMainWnd.cpp:690]
07/03/18 12:57:32[DEBUG(5516)] - initFileManagerControls[CMainWnd.cpp:697]
07/03/18 12:57:32[DEBUG(5516)] - initDownLoadManagerControls[CMainWnd.cpp:718]
07/03/18 12:57:32[DEBUG(5516)] - initUpLoadManagerControls[CMainWnd.cpp:732]
07/03/18 12:57:32[DEBUG(5516)] - initHistroyManagerControls[CMainWnd.cpp:746]
07/03/18 12:57:32[DEBUG(5516)] - initLeftBarView[CMainWnd.cpp:654]
07/03/18 12:57:32[DEBUG(5516)] - 03c18187c107822659496c3a847470e4[CFileData.h:120]
07/03/18 12:57:32[DEBUG(5516)] - bac19f7604adf0ac1efd8c09603ce7a6[CFileData.h:120]
07/03/18 12:57:32[DEBUG(5516)] - 2e99e1656f877dd0a676bc07df8024f8[CFileData.h:120]
07/03/18 12:57:32[DEBUG(5516)] - 30430907ebe6b288b4c4429b76e45a7d[CFileData.h:120]
07/03/18 12:57:32[DEBUG(5516)] - 3d95735ce0dd17f87741043676675579[CFileData.h:120]
07/03/18 12:57:32[DEBUG(5516)] - 820d3d7a6f2a72ed2d5fd940fe554d98[CFileData.h:120]
07/03/18 12:57:32[DEBUG(5516)] - 090908941334a4bdb5a549f2c8f411c5[CFileData.h:120]
07/03/18 12:57:32[DEBUG(5516)] - 3463b7a8d410bc384f04097413b753bc[CFileData.h:120]
07/03/18 12:57:32[DEBUG(5516)] - 09f6c01974f189e0c579614215da0b0c[CFileData.h:120]
07/03/18 12:57:32[DEBUG(5516)] - 6315bdd4d1cdb9d9c63f796d34449d34[CFileData.h:120]
07/03/18 12:57:32[DEBUG(5516)] - c65e413680036ebf64e3815f40543b2e[CFileData.h:120]
07/03/18 12:57:32[DEBUG(5516)] - 97b4fec9f50ab4c721b451e8f0ac65fe[CFileData.h:120]
07/03/18 12:57:32[DEBUG(5516)] - f900f77b9bf453db34813520987dd2b6[CFileData.h:120]
07/03/18 12:57:32[DEBUG(5516)] - 1911cac00a53550b8594b5927623b0c3[CFileData.h:120]
07/03/18 12:57:32[DEBUG(5516)] - 5883dd29958b246cbba92478bba2d64f[CFileData.h:120]
07/03/18 12:57:32[DEBUG(5516)] - 25ecf647884e7157387467116e9607e0[CFileData.h:120]
07/03/18 12:57:32[DEBUG(5516)] - fc1729cb76d9787655abc650fb11c8f2[CFileData.h:120]
07/03/18 12:57:32[DEBUG(5516)] - de96652b734b9753e8bf53e8045cdb03[CFileData.h:120]
07/03/18 12:57:32[DEBUG(5516)] - aafb1dfde462f30b513d28ff362df272[CFileData.h:120]
07/03/18 12:57:32[DEBUG(5516)] - 2bb848a36ab88db262eef8d658c1ff07[CFileData.h:120]
07/03/18 12:57:32[DEBUG(5516)] - aa7573a749dd1e232cf47e9d3403f75d[CFileData.h:120]
07/03/18 12:57:32[DEBUG(5516)] - 21a959c960dfd5139dcafd0e32386c48[CFileData.h:120]
07/03/18 12:57:32[DEBUG(5516)] - a266f55652a80049f5c250b2b725f6a9[CFileData.h:120]
07/03/18 12:57:32[DEBUG(5516)] - 6bbd0d3938d4ae0d42c587ce4d25ab7c[CFileData.h:120]
07/03/18 12:57:32[DEBUG(5516)] - 67a77232d285d9507a362113eff77f46[CFileData.h:120]
07/03/18 12:57:32[DEBUG(5516)] - 92032083fd9a792b475bb39e9b1ffac4[CFileData.h:120]
07/03/18 12:57:32[DEBUG(5516)] - aa6077edd1e3bbeb82146cf5ff31896a[CFileData.h:120]
07/03/18 12:57:32[DEBUG(5516)] - d540cea7d0d0e459e8eae6a639fdfa8a[CFileData.h:120]
07/03/18 12:57:48[DEBUG(5516)] - program exit[FileBrowser.cpp:130]
