07/05/18 17:22:54[DEBUG(9728)] - program start[FileBrowser.cpp:109]
07/05/18 17:22:54[DEBUG(9728)] - InitWindow[CMainWnd.cpp:61]
07/05/18 17:22:54[DEBUG(9728)] - no news this good news.[CMainWnd.cpp:64]
07/05/18 17:22:54[DEBUG(9728)] - initSystemControls[CMainWnd.cpp:700]
07/05/18 17:22:54[DEBUG(9728)] - initFileManagerControls[CMainWnd.cpp:707]
07/05/18 17:22:54[DEBUG(9728)] - initDownLoadManagerControls[CMainWnd.cpp:728]
07/05/18 17:22:54[DEBUG(9728)] - initUpLoadManagerControls[CMainWnd.cpp:742]
07/05/18 17:22:54[DEBUG(9728)] - initHistroyManagerControls[CMainWnd.cpp:756]
07/05/18 17:22:54[DEBUG(9728)] - initLeftBarView[CMainWnd.cpp:664]
07/05/18 17:22:54[DEBUG(9728)] - 1b88fb28ec348889aed5d5aac780f929[CFileData.h:119]
07/05/18 17:22:54[DEBUG(9728)] - 7fa040409735a128868db3ec6a2137b9[CFileData.h:119]
07/05/18 17:22:54[DEBUG(9728)] - 4b133488f54d9f5a988cbe36a91039ee[CFileData.h:119]
07/05/18 17:22:54[DEBUG(9728)] - 461596b5ace27c5c7a3584d505b89634[CFileData.h:119]
07/05/18 17:22:54[DEBUG(9728)] - 0f3c3a7d00ed70749e6758bf35a983cc[CFileData.h:119]
07/05/18 17:22:54[DEBUG(9728)] - 58c29796fe22b36df71f68f9f03bb6ea[CFileData.h:119]
07/05/18 17:22:54[DEBUG(9728)] - 19e619838aeddf7cd5c3fda64e10a8f7[CFileData.h:119]
07/05/18 17:22:54[DEBUG(9728)] - a7b22bcb1d2ad8570e85a740eda87998[CFileData.h:119]
07/05/18 17:22:54[DEBUG(9728)] - 56bd68a1cbdb7c3d6448e2d169de7850[CFileData.h:119]
07/05/18 17:22:54[DEBUG(9728)] - 6f44c8b24465c199cd4d587b5abcfa11[CFileData.h:119]
07/05/18 17:22:54[DEBUG(9728)] - 9965f7a335b6f2e2e47f57ab735e59c9[CFileData.h:119]
07/05/18 17:22:54[DEBUG(9728)] - 7626f1d49fd09298840a96fbc06e747b[CFileData.h:119]
07/05/18 17:22:54[DEBUG(9728)] - 96ba09e1986b3cac8c1f044f744ccc2e[CFileData.h:119]
07/05/18 17:22:54[DEBUG(9728)] - 537eb50f178b943e59c2c4d9955da1cd[CFileData.h:119]
07/05/18 17:22:54[DEBUG(9728)] - e2a2b240bcde83f69277c5c1c23fa050[CFileData.h:119]
07/05/18 17:22:54[DEBUG(9728)] - 7a546adb6884b11fa500cd63c93fa38b[CFileData.h:119]
07/05/18 17:22:54[DEBUG(9728)] - cbae447d8eb94c17adfe30dd6e5b5002[CFileData.h:119]
07/05/18 17:22:54[DEBUG(9728)] - 8c87947c22b3e60b1f29d9788bb08fbb[CFileData.h:119]
07/05/18 17:22:54[DEBUG(9728)] - 39f8226f328c871cb7d8fa6eebeb271f[CFileData.h:119]
07/05/18 17:22:54[DEBUG(9728)] - 9afd957b7759102e38e1f8df76ef4c5b[CFileData.h:119]
07/05/18 17:22:54[DEBUG(9728)] - 349f553c512e071b39d704e0cc91e0b3[CFileData.h:119]
07/05/18 17:22:54[DEBUG(9728)] - c8f5eaf26e807cddc8959bffa34731ec[CFileData.h:119]
07/05/18 17:22:54[DEBUG(9728)] - 1a1a8ad8a58b0fc95b9cf84be12a1336[CFileData.h:119]
07/05/18 17:22:54[DEBUG(9728)] - 29fe30bd319d9cd8c73b974796624859[CFileData.h:119]
07/05/18 17:22:54[DEBUG(9728)] - cc208bba90d84c263998e21b3ac3a533[CFileData.h:119]
07/05/18 17:22:54[DEBUG(9728)] - 6102bcefa4bbbdbd625ae1289d16e99f[CFileData.h:119]
07/05/18 17:22:54[DEBUG(9728)] - 45679a1cad54e4b7b614341274b9dff8[CFileData.h:119]
07/05/18 17:22:54[DEBUG(9728)] - ea793fd0ea5023f1c6f35c6801e47c44[CFileData.h:119]
07/05/18 17:22:58[DEBUG(9728)] - program exit[FileBrowser.cpp:131]
07/05/18 17:23:23[DEBUG(7104)] - program start[FileBrowser.cpp:109]
07/05/18 17:23:23[DEBUG(7104)] - InitWindow[CMainWnd.cpp:61]
07/05/18 17:23:23[DEBUG(7104)] - no news this good news.[CMainWnd.cpp:64]
07/05/18 17:23:23[DEBUG(7104)] - initSystemControls[CMainWnd.cpp:700]
07/05/18 17:23:23[DEBUG(7104)] - initFileManagerControls[CMainWnd.cpp:707]
07/05/18 17:23:23[DEBUG(7104)] - initDownLoadManagerControls[CMainWnd.cpp:728]
07/05/18 17:23:23[DEBUG(7104)] - initUpLoadManagerControls[CMainWnd.cpp:742]
07/05/18 17:23:23[DEBUG(7104)] - initHistroyManagerControls[CMainWnd.cpp:756]
07/05/18 17:23:23[DEBUG(7104)] - initLeftBarView[CMainWnd.cpp:664]
07/05/18 17:23:23[DEBUG(7104)] - d834f19bc04adbdfd26775c4ad858a3a[CFileData.h:119]
07/05/18 17:23:23[DEBUG(7104)] - 273c0d4a9d3f000c0fcb4095a98ed5d2[CFileData.h:119]
07/05/18 17:23:23[DEBUG(7104)] - f65b79e2cea68d981e84b825f1dbd5ca[CFileData.h:119]
07/05/18 17:23:23[DEBUG(7104)] - 415e76b3475762bc44477a45846b7ef1[CFileData.h:119]
07/05/18 17:23:23[DEBUG(7104)] - f7f74d085a1aa960fcf5e4f2e597fdda[CFileData.h:119]
07/05/18 17:23:23[DEBUG(7104)] - 28ebee83ffcb0c7deff1152e8dac27c9[CFileData.h:119]
07/05/18 17:23:23[DEBUG(7104)] - 10c4a9e734b7b2cb71a7d747cce160a2[CFileData.h:119]
07/05/18 17:23:23[DEBUG(7104)] - f2f9a09ca9e5782620cd96a7d1ce64dd[CFileData.h:119]
07/05/18 17:23:23[DEBUG(7104)] - 6c2afd7605242f99d854b9e1f6531bba[CFileData.h:119]
07/05/18 17:23:23[DEBUG(7104)] - 6ed9dbdc6222a0f6b9b2af8464fb11ce[CFileData.h:119]
07/05/18 17:23:23[DEBUG(7104)] - e45f6d7c78273e6e1bbba947151632c4[CFileData.h:119]
07/05/18 17:23:23[DEBUG(7104)] - 58a2ff46524db7adb04fc92b3c755034[CFileData.h:119]
07/05/18 17:23:23[DEBUG(7104)] - 73d2900037cbcad4a00546b1dcbd2954[CFileData.h:119]
07/05/18 17:23:23[DEBUG(7104)] - 3a85c8eaf3502310cfdef8695335854c[CFileData.h:119]
07/05/18 17:23:23[DEBUG(7104)] - c5759e9bf91088720b98dc193a1183ef[CFileData.h:119]
07/05/18 17:23:23[DEBUG(7104)] - 8ad2e9c6a2c135c81ee3f3f40169f2ce[CFileData.h:119]
07/05/18 17:23:23[DEBUG(7104)] - 1990a8e8db52a5b8eb68d31dbac2e3e4[CFileData.h:119]
07/05/18 17:23:23[DEBUG(7104)] - d640debaed006324c4577f5f8ab595bc[CFileData.h:119]
07/05/18 17:23:23[DEBUG(7104)] - 08034a4fcf794d97376320fc9d45dbf8[CFileData.h:119]
07/05/18 17:23:23[DEBUG(7104)] - 49d0490581eff68567104eb340f9903f[CFileData.h:119]
07/05/18 17:23:23[DEBUG(7104)] - 5b79f65ccd05b76509fa601c2666409e[CFileData.h:119]
07/05/18 17:23:23[DEBUG(7104)] - ab4322be79ecc7a1b30097749e8de8ab[CFileData.h:119]
07/05/18 17:23:23[DEBUG(7104)] - d143afb98c75700b709e23819b80c81d[CFileData.h:119]
07/05/18 17:23:23[DEBUG(7104)] - 8c4b425feaaf01b42ec01be25d1fb8ed[CFileData.h:119]
07/05/18 17:23:23[DEBUG(7104)] - f7059190c16876bce5f94aee93ecc6fb[CFileData.h:119]
07/05/18 17:23:23[DEBUG(7104)] - b9a5070e994519fa5597c41161c83bfc[CFileData.h:119]
07/05/18 17:23:23[DEBUG(7104)] - f5952b8e20d2fa08814864a1dc9f45f6[CFileData.h:119]
07/05/18 17:23:23[DEBUG(7104)] - a7c6d9d8441cadf04a4a076da8e4def7[CFileData.h:119]
07/05/18 17:23:52[DEBUG(7104)] - program exit[FileBrowser.cpp:131]
