c:\users\administrator\documents\visual studio 2013\projects\aicloud\bin\tmpfile\aicloud_d.pch
c:\users\administrator\documents\visual studio 2013\projects\aicloud\bin\tmpfile\vc120.pdb
c:\users\administrator\documents\visual studio 2013\projects\aicloud\bin\tmpfile\vc120.idb
c:\users\administrator\documents\visual studio 2013\projects\aicloud\bin\tmpfile\stdafx.obj
c:\users\administrator\documents\visual studio 2013\projects\aicloud\bin\tmpfile\duiphotoview.obj
c:\users\administrator\documents\visual studio 2013\projects\aicloud\bin\tmpfile\filebrowser.obj
c:\users\administrator\documents\visual studio 2013\projects\aicloud\bin\tmpfile\filedialogex.obj
c:\users\administrator\documents\visual studio 2013\projects\aicloud\bin\tmpfile\fileitemui.obj
c:\users\administrator\documents\visual studio 2013\projects\aicloud\bin\tmpfile\mainwnd.obj
c:\users\administrator\documents\visual studio 2013\projects\aicloud\bin\tmpfile\md5.obj
c:\users\administrator\documents\visual studio 2013\projects\aicloud\bin\tmpfile\msgwnd.obj
c:\users\administrator\documents\visual studio 2013\projects\aicloud\bin\tmpfile\skinmanager.obj
c:\users\administrator\documents\visual studio 2013\projects\aicloud\bin\tmpfile\uucenterui.obj
c:\users\administrator\documents\visual studio 2013\projects\aicloud\bin\tmpfile\uuphotolistui.obj
c:\users\administrator\documents\visual studio 2013\projects\aicloud\bin\aicloud_d.ilk
c:\users\administrator\documents\visual studio 2013\projects\aicloud\bin\aicloud_d.exe
c:\users\administrator\documents\visual studio 2013\projects\aicloud\bin\aicloud_d.pdb
c:\users\administrator\documents\visual studio 2013\projects\aicloud\bin\tmpfile\filebrowser.res
c:\users\administrator\documents\visual studio 2013\projects\aicloud\filebrowser\..\bin\aicloud_d.exe
c:\users\administrator\documents\visual studio 2013\projects\aicloud\bin\tmpfile\aicloud.tlog\cl.command.1.tlog
c:\users\administrator\documents\visual studio 2013\projects\aicloud\bin\tmpfile\aicloud.tlog\cl.read.1.tlog
c:\users\administrator\documents\visual studio 2013\projects\aicloud\bin\tmpfile\aicloud.tlog\cl.write.1.tlog
c:\users\administrator\documents\visual studio 2013\projects\aicloud\bin\tmpfile\aicloud.tlog\link.command.1.tlog
c:\users\administrator\documents\visual studio 2013\projects\aicloud\bin\tmpfile\aicloud.tlog\link.read.1.tlog
c:\users\administrator\documents\visual studio 2013\projects\aicloud\bin\tmpfile\aicloud.tlog\link.write.1.tlog
c:\users\administrator\documents\visual studio 2013\projects\aicloud\bin\tmpfile\aicloud.tlog\rc.command.1.tlog
c:\users\administrator\documents\visual studio 2013\projects\aicloud\bin\tmpfile\aicloud.tlog\rc.read.1.tlog
c:\users\administrator\documents\visual studio 2013\projects\aicloud\bin\tmpfile\aicloud.tlog\rc.write.1.tlog
